::1 - - [18/Mar/2019:20:46:23 +0000] "GET /dancers HTTP/1.1" 200 667 "-" "PostmanRuntime/7.6.1"
::1 - - [18/Mar/2019:20:46:38 +0000] "GET /dancers/1ainjruutd1j HTTP/1.1" 200 1815 "-" "PostmanRuntime/7.6.1"
::1 - - [18/Mar/2019:22:02:24 +0000] "GET /events HTTP/1.1" 200 2 "-" "PostmanRuntime/7.6.1"
::1 - - [18/Mar/2019:22:04:38 +0000] "GET /events HTTP/1.1" 200 14530 "-" "PostmanRuntime/7.6.1"
::1 - - [18/Mar/2019:22:05:05 +0000] "GET /events HTTP/1.1" 200 14519 "-" "PostmanRuntime/7.6.1"
::1 - - [18/Mar/2019:23:03:43 +0000] "GET /events HTTP/1.1" 200 14519 "-" "PostmanRuntime/7.6.1"
::1 - - [18/Mar/2019:23:04:34 +0000] "POST /contact HTTP/1.1" 200 17 "-" "PostmanRuntime/7.6.1"
::1 - - [18/Mar/2019:23:19:56 +0000] "GET /dancers HTTP/1.1" 200 667 "-" "PostmanRuntime/7.6.1"
::1 - - [18/Mar/2019:23:20:06 +0000] "GET /dancers/1aivjruutn6a HTTP/1.1" 200 13 "-" "PostmanRuntime/7.6.1"
::1 - - [18/Mar/2019:23:27:56 +0000] "POST /contact/ HTTP/1.1" 404 148 "-" "PostmanRuntime/7.6.1"
::1 - - [18/Mar/2019:23:28:13 +0000] "POST /contact/ HTTP/1.1" 200 17 "-" "PostmanRuntime/7.6.1"
::1 - - [18/Mar/2019:23:32:54 +0000] "POST /contact/ HTTP/1.1" 200 17 "-" "PostmanRuntime/7.6.1"
::1 - - [18/Mar/2019:23:33:05 +0000] "GET /confirm?email=patrick.isaac04@gmail.com HTTP/1.1" 404 146 "-" "Mozilla/5.0 (Macintosh; Intel Mac OS X 10_14_3) AppleWebKit/537.36 (KHTML, like Gecko) Chrome/72.0.3626.121 Safari/537.36"
::1 - - [18/Mar/2019:23:34:28 +0000] "POST /contact/ HTTP/1.1" 200 17 "-" "PostmanRuntime/7.6.1"
::1 - - [18/Mar/2019:23:34:34 +0000] "GET /confirm?email=patrick.isaac04@gmail.com HTTP/1.1" 200 18 "-" "Mozilla/5.0 (Macintosh; Intel Mac OS X 10_14_3) AppleWebKit/537.36 (KHTML, like Gecko) Chrome/72.0.3626.121 Safari/537.36"
::1 - - [18/Mar/2019:23:35:51 +0000] "POST /contact/ HTTP/1.1" 200 17 "-" "PostmanRuntime/7.6.1"
::1 - - [18/Mar/2019:23:36:06 +0000] "GET /confirm?email=patrick.isaac04@gmail.com HTTP/1.1" 304 - "-" "Mozilla/5.0 (Macintosh; Intel Mac OS X 10_14_3) AppleWebKit/537.36 (KHTML, like Gecko) Chrome/72.0.3626.121 Safari/537.36"
::1 - - [18/Mar/2019:23:36:59 +0000] "POST /contact/ HTTP/1.1" 200 17 "-" "PostmanRuntime/7.6.1"
::1 - - [18/Mar/2019:23:37:07 +0000] "GET /confirm?email=patrick.isaac04@gmail.com HTTP/1.1" 304 - "-" "Mozilla/5.0 (Macintosh; Intel Mac OS X 10_14_3) AppleWebKit/537.36 (KHTML, like Gecko) Chrome/72.0.3626.121 Safari/537.36"
::1 - - [18/Mar/2019:23:40:32 +0000] "POST /contact/ HTTP/1.1" 200 17 "-" "PostmanRuntime/7.6.1"
::1 - - [18/Mar/2019:23:41:44 +0000] "GET /confirm?email=patrick.isaac04@gmail.com HTTP/1.1" 304 - "-" "Mozilla/5.0 (Macintosh; Intel Mac OS X 10_14_3) AppleWebKit/537.36 (KHTML, like Gecko) Chrome/72.0.3626.121 Safari/537.36"
::1 - - [18/Mar/2019:23:45:41 +0000] "POST /contact/ HTTP/1.1" 200 17 "-" "PostmanRuntime/7.6.1"
::1 - - [18/Mar/2019:23:46:10 +0000] "GET /confirm?email=patrick.isaac04@gmail.com HTTP/1.1" - - "-" "Mozilla/5.0 (Macintosh; Intel Mac OS X 10_14_3) AppleWebKit/537.36 (KHTML, like Gecko) Chrome/72.0.3626.121 Safari/537.36"
::1 - - [18/Mar/2019:23:46:59 +0000] "POST /contact/ HTTP/1.1" 200 17 "-" "PostmanRuntime/7.6.1"
::1 - - [18/Mar/2019:23:48:20 +0000] "GET /confirm?email=patrick.isaac04@gmail.com HTTP/1.1" - - "-" "Mozilla/5.0 (Macintosh; Intel Mac OS X 10_14_3) AppleWebKit/537.36 (KHTML, like Gecko) Chrome/72.0.3626.121 Safari/537.36"
::1 - - [18/Mar/2019:23:55:12 +0000] "GET /confirm?email=patrick.isaac04@gmail.com HTTP/1.1" - - "-" "Mozilla/5.0 (Macintosh; Intel Mac OS X 10_14_3) AppleWebKit/537.36 (KHTML, like Gecko) Chrome/72.0.3626.121 Safari/537.36"
::1 - - [18/Mar/2019:23:55:37 +0000] "GET /confirm?email=patrick.isaac04@gmail.com HTTP/1.1" - - "-" "Mozilla/5.0 (Macintosh; Intel Mac OS X 10_14_3) AppleWebKit/537.36 (KHTML, like Gecko) Chrome/72.0.3626.121 Safari/537.36"
::1 - - [18/Mar/2019:23:56:05 +0000] "GET /confirm?email=patrick.isaac04@gmail.com HTTP/1.1" - - "-" "Mozilla/5.0 (Macintosh; Intel Mac OS X 10_14_3) AppleWebKit/537.36 (KHTML, like Gecko) Chrome/72.0.3626.121 Safari/537.36"
::1 - - [18/Mar/2019:23:58:26 +0000] "GET /confirm?email=patrick.isaac04@gmail.com HTTP/1.1" 500 3694 "-" "Mozilla/5.0 (Macintosh; Intel Mac OS X 10_14_3) AppleWebKit/537.36 (KHTML, like Gecko) Chrome/72.0.3626.121 Safari/537.36"
::1 - - [19/Mar/2019:00:03:02 +0000] "POST /contact/ HTTP/1.1" 200 17 "-" "PostmanRuntime/7.6.1"
::1 - - [19/Mar/2019:00:03:17 +0000] "GET /confirm?email=patrick.isaac04@gmail.com HTTP/1.1" - - "-" "Mozilla/5.0 (Macintosh; Intel Mac OS X 10_14_3) AppleWebKit/537.36 (KHTML, like Gecko) Chrome/72.0.3626.121 Safari/537.36"
::1 - - [19/Mar/2019:00:05:09 +0000] "POST /contact/ HTTP/1.1" 200 17 "-" "PostmanRuntime/7.6.1"
::1 - - [19/Mar/2019:00:05:40 +0000] "GET /confirm?email=patrick.isaac04@gmail.com HTTP/1.1" - - "-" "Mozilla/5.0 (Macintosh; Intel Mac OS X 10_14_3) AppleWebKit/537.36 (KHTML, like Gecko) Chrome/72.0.3626.121 Safari/537.36"
::1 - - [19/Mar/2019:00:16:20 +0000] "POST /contact/ HTTP/1.1" 200 17 "-" "PostmanRuntime/7.6.1"
::1 - - [19/Mar/2019:00:16:50 +0000] "GET /confirm?email=patrick.isaac04@gmail.com HTTP/1.1" 200 18 "-" "Mozilla/5.0 (Macintosh; Intel Mac OS X 10_14_3) AppleWebKit/537.36 (KHTML, like Gecko) Chrome/72.0.3626.121 Safari/537.36"
::1 - - [19/Mar/2019:00:29:03 +0000] "POST /contact/ HTTP/1.1" 200 17 "-" "PostmanRuntime/7.6.1"
::1 - - [19/Mar/2019:00:29:10 +0000] "GET /confirm?email=patrick.isaac04@gmail.com HTTP/1.1" 304 - "-" "Mozilla/5.0 (Macintosh; Intel Mac OS X 10_14_3) AppleWebKit/537.36 (KHTML, like Gecko) Chrome/72.0.3626.121 Safari/537.36"
::1 - - [19/Mar/2019:00:30:58 +0000] "POST /contact HTTP/1.1" 200 17 "-" "PostmanRuntime/7.6.1"
::1 - - [19/Mar/2019:00:31:22 +0000] "GET /confirm?email=patrick.isaac04@gmail.com HTTP/1.1" 304 - "-" "Mozilla/5.0 (Macintosh; Intel Mac OS X 10_14_3) AppleWebKit/537.36 (KHTML, like Gecko) Chrome/72.0.3626.121 Safari/537.36"
::1 - - [19/Mar/2019:00:39:51 +0000] "GET /confirm?email=patrick.isaac04@gmail.com HTTP/1.1" 200 179 "-" "PostmanRuntime/7.6.1"
::1 - - [19/Mar/2019:00:42:58 +0000] "POST /contact HTTP/1.1" 200 17 "-" "PostmanRuntime/7.6.1"
::1 - - [19/Mar/2019:00:43:05 +0000] "GET /confirm?email=patrick.isaac04@gmail.com HTTP/1.1" 304 - "-" "Mozilla/5.0 (Macintosh; Intel Mac OS X 10_14_3) AppleWebKit/537.36 (KHTML, like Gecko) Chrome/72.0.3626.121 Safari/537.36"
::1 - - [19/Mar/2019:00:44:17 +0000] "GET /confirm?email=patrick.isaac04@gmail.com HTTP/1.1" 200 9 "-" "PostmanRuntime/7.6.1"
::1 - - [19/Mar/2019:00:45:28 +0000] "POST /contact HTTP/1.1" 200 17 "-" "PostmanRuntime/7.6.1"
::1 - - [19/Mar/2019:00:45:33 +0000] "GET /confirm?email=patrick.isaac04@gmail.com HTTP/1.1" 304 - "-" "Mozilla/5.0 (Macintosh; Intel Mac OS X 10_14_3) AppleWebKit/537.36 (KHTML, like Gecko) Chrome/72.0.3626.121 Safari/537.36"
::1 - - [19/Mar/2019:00:47:10 +0000] "POST /contact HTTP/1.1" 200 17 "-" "PostmanRuntime/7.6.1"
::1 - - [19/Mar/2019:00:47:17 +0000] "GET /confirm?email=patrick.isaac04@gmail.com HTTP/1.1" 304 - "-" "Mozilla/5.0 (Macintosh; Intel Mac OS X 10_14_3) AppleWebKit/537.36 (KHTML, like Gecko) Chrome/72.0.3626.121 Safari/537.36"
::1 - - [19/Mar/2019:16:45:31 +0000] "POST /contact HTTP/1.1" 200 17 "-" "PostmanRuntime/7.6.1"
::1 - - [19/Mar/2019:16:45:40 +0000] "GET /confirm?email=patrick.isaac04@gmail.com HTTP/1.1" 304 - "-" "Mozilla/5.0 (Macintosh; Intel Mac OS X 10_14_3) AppleWebKit/537.36 (KHTML, like Gecko) Chrome/72.0.3626.121 Safari/537.36"
::1 - - [19/Mar/2019:16:49:56 +0000] "POST /contact HTTP/1.1" 200 17 "-" "PostmanRuntime/7.6.1"
::1 - - [19/Mar/2019:16:50:04 +0000] "GET /confirm?email=patrick.isaac04@gmail.com HTTP/1.1" 304 - "-" "Mozilla/5.0 (Macintosh; Intel Mac OS X 10_14_3) AppleWebKit/537.36 (KHTML, like Gecko) Chrome/72.0.3626.121 Safari/537.36"
::1 - - [19/Mar/2019:16:54:37 +0000] "POST /contact HTTP/1.1" 200 17 "-" "PostmanRuntime/7.6.1"
::1 - - [19/Mar/2019:16:54:43 +0000] "GET /confirm?email=patrick.isaac04@gmail.com HTTP/1.1" 304 - "-" "Mozilla/5.0 (Macintosh; Intel Mac OS X 10_14_3) AppleWebKit/537.36 (KHTML, like Gecko) Chrome/72.0.3626.121 Safari/537.36"
::1 - - [19/Mar/2019:17:04:37 +0000] "GET /dancers HTTP/1.1" 200 589 "-" "PostmanRuntime/7.6.1"
::1 - - [19/Mar/2019:17:11:37 +0000] "GET /events HTTP/1.1" 200 16687 "-" "PostmanRuntime/7.6.1"
::1 - - [19/Mar/2019:17:16:35 +0000] "POST /contact HTTP/1.1" 200 17 "-" "PostmanRuntime/7.6.1"
::1 - - [19/Mar/2019:17:16:58 +0000] "GET /confirm?email=patrick.isaac04@gmail.com HTTP/1.1" 200 18 "-" "Mozilla/5.0 (iPhone; CPU iPhone OS 12_1 like Mac OS X) AppleWebKit/605.1.15 (KHTML, like Gecko) CriOS/73.0.3683.68 Mobile/15E148 Safari/605.1"
